<?xml version="1.0" encoding="UTF-8"?>
<testsuite name="com.galvanize.integration.RoomsApiIntegrationTest" tests="6" skipped="0" failures="0" errors="0" timestamp="2016-01-12T12:37:23" hostname="Andreass-MBP.local" time="0.445">
  <properties/>
  <testcase name="postRespondsWithFieldsForTheInstance" classname="com.galvanize.integration.RoomsApiIntegrationTest" time="0.31"/>
  <testcase name="correctlyHandlesMultipleRequests" classname="com.galvanize.integration.RoomsApiIntegrationTest" time="0.025"/>
  <testcase name="postRespondsWith201OnSuccessfulCreate" classname="com.galvanize.integration.RoomsApiIntegrationTest" time="0.009"/>
  <testcase name="addsTheInstanceToTheDatabase" classname="com.galvanize.integration.RoomsApiIntegrationTest" time="0.01"/>
  <testcase name="givenIamusingTheApi_WhenIPostAnInvalidRequest_ThenTheResponseIsUnprocessableEntity" classname="com.galvanize.integration.RoomsApiIntegrationTest" time="0.05"/>
  <testcase name="postRespondsWithDetailsOfValidationError" classname="com.galvanize.integration.RoomsApiIntegrationTest" time="0.021"/>
  <system-out><![CDATA[12:37:20.547 [Test worker] DEBUG o.s.t.c.j.SpringJUnit4ClassRunner - SpringJUnit4ClassRunner constructor called with [class com.galvanize.integration.RoomsApiIntegrationTest]
12:37:20.551 [Test worker] DEBUG o.s.test.context.BootstrapUtils - Instantiating CacheAwareContextLoaderDelegate from class [org.springframework.test.context.cache.DefaultCacheAwareContextLoaderDelegate]
12:37:20.555 [Test worker] DEBUG o.s.test.context.BootstrapUtils - Instantiating BootstrapContext using constructor [public org.springframework.test.context.support.DefaultBootstrapContext(java.lang.Class,org.springframework.test.context.CacheAwareContextLoaderDelegate)]
12:37:20.563 [Test worker] DEBUG o.s.test.context.BootstrapUtils - Instantiating TestContextBootstrapper for test class [com.galvanize.integration.RoomsApiIntegrationTest] from class [org.springframework.boot.test.WebAppIntegrationTestContextBootstrapper]
12:37:20.578 [Test worker] DEBUG o.s.b.t.WebAppIntegrationTestContextBootstrapper - Found explicit ContextLoader class [org.springframework.boot.test.SpringApplicationContextLoader] for context configuration attributes [ContextConfigurationAttributes@391643f declaringClass = 'com.galvanize.integration.RoomsApiIntegrationTest', classes = '{class com.galvanize.Application}', locations = '{}', inheritLocations = true, initializers = '{}', inheritInitializers = true, name = [null], contextLoaderClass = 'org.springframework.boot.test.SpringApplicationContextLoader']
12:37:20.584 [Test worker] DEBUG o.s.t.c.s.AbstractContextLoader - Did not detect default resource location for test class [com.galvanize.integration.RoomsApiIntegrationTest]: class path resource [com/galvanize/integration/RoomsApiIntegrationTest-context.xml] does not exist
12:37:20.584 [Test worker] DEBUG o.s.t.c.s.AbstractContextLoader - Did not detect default resource location for test class [com.galvanize.integration.RoomsApiIntegrationTest]: class path resource [com/galvanize/integration/RoomsApiIntegrationTestContext.groovy] does not exist
12:37:20.584 [Test worker] INFO  o.s.t.c.s.AbstractContextLoader - Could not detect default resource locations for test class [com.galvanize.integration.RoomsApiIntegrationTest]: no resource found for suffixes {-context.xml, Context.groovy}.
12:37:20.586 [Test worker] DEBUG o.s.t.c.support.ActiveProfilesUtils - Could not find an 'annotation declaring class' for annotation type [org.springframework.test.context.ActiveProfiles] and class [com.galvanize.integration.RoomsApiIntegrationTest]
12:37:20.590 [Test worker] DEBUG o.s.test.util.ReflectionTestUtils - Setting field 'propertySourceProperties' of type [null] on target object [[WebMergedContextConfiguration@7739a147 testClass = RoomsApiIntegrationTest, locations = '{}', classes = '{class com.galvanize.Application}', contextInitializerClasses = '[]', activeProfiles = '{}', propertySourceLocations = '{}', propertySourceProperties = '{}', resourceBasePath = '', contextLoader = 'org.springframework.boot.test.SpringApplicationContextLoader', parent = [null]]] or target class [class org.springframework.test.context.web.WebMergedContextConfiguration] to value [[Ljava.lang.String;@1dda866a]
12:37:20.591 [Test worker] DEBUG o.s.b.t.WebAppIntegrationTestContextBootstrapper - @TestExecutionListeners is not present for class [com.galvanize.integration.RoomsApiIntegrationTest]: using defaults.
12:37:20.597 [Test worker] INFO  o.s.b.t.WebAppIntegrationTestContextBootstrapper - Loaded default TestExecutionListener class names from location [META-INF/spring.factories]: [org.springframework.test.context.web.ServletTestExecutionListener, org.springframework.test.context.support.DirtiesContextBeforeModesTestExecutionListener, org.springframework.test.context.support.DependencyInjectionTestExecutionListener, org.springframework.test.context.support.DirtiesContextTestExecutionListener, org.springframework.test.context.transaction.TransactionalTestExecutionListener, org.springframework.test.context.jdbc.SqlScriptsTestExecutionListener]
12:37:20.608 [Test worker] INFO  o.s.b.t.WebAppIntegrationTestContextBootstrapper - Using TestExecutionListeners: [org.springframework.test.context.web.ServletTestExecutionListener@59e82a11, org.springframework.test.context.support.DirtiesContextBeforeModesTestExecutionListener@6c4b86e8, org.springframework.test.context.support.DependencyInjectionTestExecutionListener@29775d10, org.springframework.test.context.support.DirtiesContextTestExecutionListener@18d844bf, org.springframework.test.context.transaction.TransactionalTestExecutionListener@f85d17, org.springframework.test.context.jdbc.SqlScriptsTestExecutionListener@3034f726]
12:37:20.611 [Test worker] DEBUG o.s.t.annotation.ProfileValueUtils - Retrieved @ProfileValueSourceConfiguration [null] for test class [com.galvanize.integration.RoomsApiIntegrationTest]
12:37:20.612 [Test worker] DEBUG o.s.t.annotation.ProfileValueUtils - Retrieved ProfileValueSource type [class org.springframework.test.annotation.SystemProfileValueSource] for class [com.galvanize.integration.RoomsApiIntegrationTest]
12:37:20.613 [Test worker] DEBUG o.s.t.annotation.ProfileValueUtils - Retrieved @ProfileValueSourceConfiguration [null] for test class [com.galvanize.integration.RoomsApiIntegrationTest]
12:37:20.613 [Test worker] DEBUG o.s.t.annotation.ProfileValueUtils - Retrieved ProfileValueSource type [class org.springframework.test.annotation.SystemProfileValueSource] for class [com.galvanize.integration.RoomsApiIntegrationTest]
12:37:20.614 [Test worker] DEBUG o.s.t.annotation.ProfileValueUtils - Retrieved @ProfileValueSourceConfiguration [null] for test class [com.galvanize.integration.RoomsApiIntegrationTest]
12:37:20.614 [Test worker] DEBUG o.s.t.annotation.ProfileValueUtils - Retrieved ProfileValueSource type [class org.springframework.test.annotation.SystemProfileValueSource] for class [com.galvanize.integration.RoomsApiIntegrationTest]
12:37:20.616 [Test worker] DEBUG o.s.t.c.s.AbstractDirtiesContextTestExecutionListener - Before test class: context [DefaultTestContext@50ebdc9f testClass = RoomsApiIntegrationTest, testInstance = [null], testMethod = [null], testException = [null], mergedContextConfiguration = [WebMergedContextConfiguration@7739a147 testClass = RoomsApiIntegrationTest, locations = '{}', classes = '{class com.galvanize.Application}', contextInitializerClasses = '[]', activeProfiles = '{}', propertySourceLocations = '{}', propertySourceProperties = '{server.port:9000, org.springframework.boot.test.IntegrationTest=true}', resourceBasePath = '', contextLoader = 'org.springframework.boot.test.SpringApplicationContextLoader', parent = [null]]], class annotated with @DirtiesContext [false] with mode [null].
12:37:20.616 [Test worker] DEBUG o.s.t.annotation.ProfileValueUtils - Retrieved @ProfileValueSourceConfiguration [null] for test class [com.galvanize.integration.RoomsApiIntegrationTest]
12:37:20.616 [Test worker] DEBUG o.s.t.annotation.ProfileValueUtils - Retrieved ProfileValueSource type [class org.springframework.test.annotation.SystemProfileValueSource] for class [com.galvanize.integration.RoomsApiIntegrationTest]
12:37:20.798 [Test worker] DEBUG o.s.t.c.s.DependencyInjectionTestExecutionListener - Performing dependency injection for test context [[DefaultTestContext@50ebdc9f testClass = RoomsApiIntegrationTest, testInstance = com.galvanize.integration.RoomsApiIntegrationTest@76b4078, testMethod = [null], testException = [null], mergedContextConfiguration = [WebMergedContextConfiguration@7739a147 testClass = RoomsApiIntegrationTest, locations = '{}', classes = '{class com.galvanize.Application}', contextInitializerClasses = '[]', activeProfiles = '{}', propertySourceLocations = '{}', propertySourceProperties = '{server.port:9000, org.springframework.boot.test.IntegrationTest=true}', resourceBasePath = '', contextLoader = 'org.springframework.boot.test.SpringApplicationContextLoader', parent = [null]]]].
12:37:20.842 [Test worker] DEBUG o.s.core.env.StandardEnvironment - Adding [systemProperties] PropertySource with lowest search precedence
12:37:20.843 [Test worker] DEBUG o.s.core.env.StandardEnvironment - Adding [systemEnvironment] PropertySource with lowest search precedence
12:37:20.843 [Test worker] DEBUG o.s.core.env.StandardEnvironment - Initialized StandardEnvironment with PropertySources [systemProperties,systemEnvironment]
12:37:20.844 [Test worker] DEBUG o.s.core.env.StandardEnvironment - Adding [integrationTest] PropertySource with search precedence immediately lower than [systemEnvironment]

  .   ____          _            __ _ _
 /\\ / ___'_ __ _ _(_)_ __  __ _ \ \ \ \
( ( )\___ | '_ | '_| | '_ \/ _` | \ \ \ \
 \\/  ___)| |_)| | | | | || (_| |  ) ) ) )
  '  |____| .__|_| |_|_| |_\__, | / / / /
 =========|_|==============|___/=/_/_/_/
 :: Spring Boot ::        (v1.3.1.RELEASE)

2016-01-12 12:37:21.048  INFO 10813 --- [    Test worker] c.g.integration.RoomsApiIntegrationTest  : Starting RoomsApiIntegrationTest on Andreass-MBP.local with PID 10813 (/Users/andreas/workspace/gschool/allstate/experiments/spring_boot/restful_api_rooms_in_class/build/classes/test started by andreas in /Users/andreas/workspace/gschool/allstate/experiments/spring_boot/restful_api_rooms_in_class)
2016-01-12 12:37:21.048  INFO 10813 --- [    Test worker] c.g.integration.RoomsApiIntegrationTest  : No active profile set, falling back to default profiles: default
2016-01-12 12:37:21.085  INFO 10813 --- [    Test worker] ationConfigEmbeddedWebApplicationContext : Refreshing org.springframework.boot.context.embedded.AnnotationConfigEmbeddedWebApplicationContext@41675932: startup date [Tue Jan 12 12:37:21 GMT 2016]; root of context hierarchy
2016-01-12 12:37:21.672  INFO 10813 --- [    Test worker] o.s.b.f.s.DefaultListableBeanFactory     : Overriding bean definition for bean 'beanNameViewResolver' with a different definition: replacing [Root bean: class [null]; scope=; abstract=false; lazyInit=false; autowireMode=3; dependencyCheck=0; autowireCandidate=true; primary=false; factoryBeanName=org.springframework.boot.autoconfigure.web.ErrorMvcAutoConfiguration$WhitelabelErrorViewConfiguration; factoryMethodName=beanNameViewResolver; initMethodName=null; destroyMethodName=(inferred); defined in class path resource [org/springframework/boot/autoconfigure/web/ErrorMvcAutoConfiguration$WhitelabelErrorViewConfiguration.class]] with [Root bean: class [null]; scope=; abstract=false; lazyInit=false; autowireMode=3; dependencyCheck=0; autowireCandidate=true; primary=false; factoryBeanName=org.springframework.boot.autoconfigure.web.WebMvcAutoConfiguration$WebMvcAutoConfigurationAdapter; factoryMethodName=beanNameViewResolver; initMethodName=null; destroyMethodName=(inferred); defined in class path resource [org/springframework/boot/autoconfigure/web/WebMvcAutoConfiguration$WebMvcAutoConfigurationAdapter.class]]
2016-01-12 12:37:22.155  INFO 10813 --- [    Test worker] s.b.c.e.t.TomcatEmbeddedServletContainer : Tomcat initialized with port(s): 9000 (http)
2016-01-12 12:37:22.165  INFO 10813 --- [    Test worker] o.apache.catalina.core.StandardService   : Starting service Tomcat
2016-01-12 12:37:22.166  INFO 10813 --- [    Test worker] org.apache.catalina.core.StandardEngine  : Starting Servlet Engine: Apache Tomcat/8.0.30
2016-01-12 12:37:22.241  INFO 10813 --- [ost-startStop-1] o.a.c.c.C.[Tomcat].[localhost].[/]       : Initializing Spring embedded WebApplicationContext
2016-01-12 12:37:22.241  INFO 10813 --- [ost-startStop-1] o.s.web.context.ContextLoader            : Root WebApplicationContext: initialization completed in 1158 ms
2016-01-12 12:37:22.451  INFO 10813 --- [ost-startStop-1] o.s.b.c.e.ServletRegistrationBean        : Mapping servlet: 'dispatcherServlet' to [/]
2016-01-12 12:37:22.455  INFO 10813 --- [ost-startStop-1] o.s.b.c.embedded.FilterRegistrationBean  : Mapping filter: 'characterEncodingFilter' to: [/*]
2016-01-12 12:37:22.456  INFO 10813 --- [ost-startStop-1] o.s.b.c.embedded.FilterRegistrationBean  : Mapping filter: 'hiddenHttpMethodFilter' to: [/*]
2016-01-12 12:37:22.456  INFO 10813 --- [ost-startStop-1] o.s.b.c.embedded.FilterRegistrationBean  : Mapping filter: 'httpPutFormContentFilter' to: [/*]
2016-01-12 12:37:22.456  INFO 10813 --- [ost-startStop-1] o.s.b.c.embedded.FilterRegistrationBean  : Mapping filter: 'requestContextFilter' to: [/*]
2016-01-12 12:37:22.878  INFO 10813 --- [    Test worker] s.w.s.m.m.a.RequestMappingHandlerAdapter : Looking for @ControllerAdvice: org.springframework.boot.context.embedded.AnnotationConfigEmbeddedWebApplicationContext@41675932: startup date [Tue Jan 12 12:37:21 GMT 2016]; root of context hierarchy
2016-01-12 12:37:22.921  INFO 10813 --- [    Test worker] s.w.s.m.m.a.RequestMappingHandlerMapping : Mapped "{[/rooms],methods=[POST]}" onto public com.galvanize.models.Room com.galvanize.controllers.RoomsController.createRoom(com.galvanize.models.Room)
2016-01-12 12:37:22.923  INFO 10813 --- [    Test worker] s.w.s.m.m.a.RequestMappingHandlerMapping : Mapped "{[/error]}" onto public org.springframework.http.ResponseEntity<java.util.Map<java.lang.String, java.lang.Object>> org.springframework.boot.autoconfigure.web.BasicErrorController.error(javax.servlet.http.HttpServletRequest)
2016-01-12 12:37:22.924  INFO 10813 --- [    Test worker] s.w.s.m.m.a.RequestMappingHandlerMapping : Mapped "{[/error],produces=[text/html]}" onto public org.springframework.web.servlet.ModelAndView org.springframework.boot.autoconfigure.web.BasicErrorController.errorHtml(javax.servlet.http.HttpServletRequest,javax.servlet.http.HttpServletResponse)
2016-01-12 12:37:22.941  INFO 10813 --- [    Test worker] o.s.w.s.handler.SimpleUrlHandlerMapping  : Mapped URL path [/webjars/**] onto handler of type [class org.springframework.web.servlet.resource.ResourceHttpRequestHandler]
2016-01-12 12:37:22.941  INFO 10813 --- [    Test worker] o.s.w.s.handler.SimpleUrlHandlerMapping  : Mapped URL path [/**] onto handler of type [class org.springframework.web.servlet.resource.ResourceHttpRequestHandler]
2016-01-12 12:37:22.966  INFO 10813 --- [    Test worker] o.s.w.s.handler.SimpleUrlHandlerMapping  : Mapped URL path [/**/favicon.ico] onto handler of type [class org.springframework.web.servlet.resource.ResourceHttpRequestHandler]
2016-01-12 12:37:23.078  INFO 10813 --- [    Test worker] s.b.c.e.t.TomcatEmbeddedServletContainer : Tomcat started on port(s): 9000 (http)
2016-01-12 12:37:23.083  INFO 10813 --- [    Test worker] c.g.integration.RoomsApiIntegrationTest  : Started RoomsApiIntegrationTest in 2.234 seconds (JVM running for 3.113)
2016-01-12 12:37:23.322  INFO 10813 --- [nio-9000-exec-1] o.a.c.c.C.[Tomcat].[localhost].[/]       : Initializing Spring FrameworkServlet 'dispatcherServlet'
2016-01-12 12:37:23.322  INFO 10813 --- [nio-9000-exec-1] o.s.web.servlet.DispatcherServlet        : FrameworkServlet 'dispatcherServlet': initialization started
2016-01-12 12:37:23.334  INFO 10813 --- [nio-9000-exec-1] o.s.web.servlet.DispatcherServlet        : FrameworkServlet 'dispatcherServlet': initialization completed in 12 ms
]]></system-out>
  <system-err><![CDATA[]]></system-err>
</testsuite>
